Build started 2013/3/24 10:53:41.
     1>Project "C:\Users\jack\Documents\GitHub\redowxGIS\minimal\minimal_vc9.vcxproj" on node 2 (build target(s)).
     1>InitializeBuildStatus:
         Touching "vc_mswud\minimal\wxGISCat.unsuccessfulbuild".
       ClCompile:
         All outputs are up-to-date.
       ManifestResourceCompile:
         All outputs are up-to-date.
       Link:
         C:\Program Files (x86)\Microsoft Visual Studio 10.0\VC\bin\link.exe /ERRORREPORT:PROMPT /OUT:"vc_mswud\wxGISCat.exe" /INCREMENTAL /NOLOGO /LIBPATH:"C:\Users\jack\dev\wx\wxWidgets-2.9.4\lib\vc_lib" /LIBPATH:C:\Users\jack\dev\gdal\gdal\ogr /LIBPATH:C:\Users\jack\dev\gdal\gdal wxmsw29ud_core.lib wxbase29ud.lib wxtiffd.lib wxjpegd.lib wxpngd.lib wxzlibd.lib wxregexud.lib wxexpatd.lib kernel32.lib user32.lib gdi32.lib comdlg32.lib winspool.lib winmm.lib shell32.lib comctl32.lib ole32.lib oleaut32.lib uuid.lib rpcrt4.lib advapi32.lib wsock32.lib wininet.lib gdal_i.lib kernel32.lib user32.lib gdi32.lib winspool.lib comdlg32.lib advapi32.lib shell32.lib ole32.lib oleaut32.lib uuid.lib odbc32.lib odbccp32.lib /MANIFEST /ManifestFile:"vc_mswud\minimal\wxGISCat.exe.intermediate.manifest" /MANIFESTUAC:"level='asInvoker' uiAccess='false'" /DEBUG /PDB:"vc_mswud\minimal.pdb" /SUBSYSTEM:WINDOWS /TLBID:1 /DYNAMICBASE /NXCOMPAT /IMPLIB:"vc_mswud\wxGISCat.lib" /MACHINE:X86 vc_mswud\minimal\wxGISCat.exe.embed.manifest.res
         vc_mswud\minimal\catalogapp.obj
            Creating library vc_mswud\wxGISCat.lib and object vc_mswud\wxGISCat.exp
     1>catalogapp.obj : error LNK2019: unresolved external symbol "public: __thiscall wxGISAppConfig::wxGISAppConfig(class wxString,class wxString,bool)" (??0wxGISAppConfig@@QAE@VwxString@@0_N@Z) referenced in function "public: virtual bool __thiscall wxGISCatalogApp::OnInit(void)" (?OnInit@wxGISCatalogApp@@UAE_NXZ)
     1>vc_mswud\wxGISCat.exe : fatal error LNK1120: 1 unresolved externals
     1>Done Building Project "C:\Users\jack\Documents\GitHub\redowxGIS\minimal\minimal_vc9.vcxproj" (build target(s)) -- FAILED.

Build FAILED.

Time Elapsed 00:00:05.89
